<?xml version="1.0" encoding="UTF-8"?>
<!-- Generated by org.testng.reporters.JUnitReportReporter -->
<testsuite hostname="BOLD-MohitSharma" name="CompareImages.Test" tests="1" failures="0" timestamp="30 Oct 2017 04:52:07 GMT" time="38.355" errors="0">
  <testcase name="Testcase" time="38.355" classname="CompareImages.Test"/>
</testsuite> <!-- CompareImages.Test -->
