<?xml version="1.0" encoding="UTF-8"?>
<!-- Generated by org.testng.reporters.JUnitReportReporter -->
<testsuite hostname="BOLD-MohitSharm" name="Test.TestCase_Searches" tests="1" failures="0" timestamp="18 Dec 2017 06:05:13 GMT" time="19.629" errors="0">
  <testcase name="verifySearches" time="19.629" classname="Test.TestCase_Searches"/>
</testsuite> <!-- Test.TestCase_Searches -->
