<?xml version="1.0" encoding="UTF-8"?>
<!-- Generated by org.testng.reporters.JUnitXMLReporter -->
<testsuite hostname="BOLD-MohitSharm" name="Test-RD-Search" tests="1" failures="0" timestamp="19 Jan 2018 05:16:45 GMT" time="22.41" errors="0">
  <testcase name="verifySearches" time="22.373" classname="Test.TestCase_Searches"/>
</testsuite> <!-- Test-RD-Search -->
